{"C:\\Users\\jholl\\Documents\\VSCode\\au-slot-20180210\\au-webpack-babel-jest\\src\\app.js": {"path":"C:\\Users\\jholl\\Documents\\VSCode\\au-slot-20180210\\au-webpack-babel-jest\\src\\app.js","statementMap":{"0":{"start":{"line":1,"column":13},"end":{"line":1,"column":39}},"1":{"start":{"line":1,"column":49},"end":{"line":4,"column":4}},"2":{"start":{"line":3,"column":4},"end":{"line":3,"column":34}}},"fnMap":{"0":{"name":"(anonymous_0)","decl":{"start":{"line":2,"column":2},"end":{"line":2,"column":3}},"loc":{"start":{"line":2,"column":16},"end":{"line":4,"column":3}},"line":2}},"branchMap":{},"s":{"0":0,"1":0,"2":0},"f":{"0":0},"b":{}}
,"C:\\Users\\jholl\\Documents\\VSCode\\au-slot-20180210\\au-webpack-babel-jest\\src\\environment.js": {"path":"C:\\Users\\jholl\\Documents\\VSCode\\au-slot-20180210\\au-webpack-babel-jest\\src\\environment.js","statementMap":{"0":{"start":{"line":1,"column":13},"end":{"line":1,"column":39}},"1":{"start":{"line":1,"column":39},"end":{"line":3,"column":18}}},"fnMap":{},"branchMap":{},"s":{"0":0,"1":0},"f":{},"b":{}}
,"C:\\Users\\jholl\\Documents\\VSCode\\au-slot-20180210\\au-webpack-babel-jest\\src\\main.js": {"path":"C:\\Users\\jholl\\Documents\\VSCode\\au-slot-20180210\\au-webpack-babel-jest\\src\\main.js","statementMap":{"0":{"start":{"line":1,"column":13},"end":{"line":1,"column":39}},"1":{"start":{"line":1,"column":39},"end":{"line":9,"column":22}},"2":{"start":{"line":9,"column":41},"end":{"line":9,"column":65}},"3":{"start":{"line":9,"column":86},"end":{"line":9,"column":122}},"4":{"start":{"line":9,"column":141},"end":{"line":9,"column":163}},"5":{"start":{"line":9,"column":164},"end":{"line":9,"column":212}},"6":{"start":{"line":9,"column":212},"end":{"line":9,"column":258}},"7":{"start":{"line":9,"column":274},"end":{"line":9,"column":293}},"8":{"start":{"line":9,"column":309},"end":{"line":9,"column":343}},"9":{"start":{"line":9,"column":383},"end":{"line":9,"column":599}},"10":{"start":{"line":9,"column":411},"end":{"line":9,"column":422}},"11":{"start":{"line":9,"column":443},"end":{"line":9,"column":445}},"12":{"start":{"line":9,"column":446},"end":{"line":9,"column":563}},"13":{"start":{"line":9,"column":464},"end":{"line":9,"column":562}},"14":{"start":{"line":9,"column":486},"end":{"line":9,"column":561}},"15":{"start":{"line":9,"column":538},"end":{"line":9,"column":561}},"16":{"start":{"line":9,"column":563},"end":{"line":9,"column":584}},"17":{"start":{"line":9,"column":584},"end":{"line":9,"column":598}},"18":{"start":{"line":9,"column":638},"end":{"line":9,"column":692}},"19":{"start":{"line":10,"column":0},"end":{"line":10,"column":59}},"20":{"start":{"line":10,"column":88},"end":{"line":12,"column":62}},"21":{"start":{"line":21,"column":2},"end":{"line":23,"column":3}},"22":{"start":{"line":22,"column":4},"end":{"line":22,"column":37}},"23":{"start":{"line":25,"column":2},"end":{"line":27,"column":3}},"24":{"start":{"line":26,"column":4},"end":{"line":26,"column":75}},"25":{"start":{"line":29,"column":2},"end":{"line":29,"column":86}},"26":{"start":{"line":29,"column":29},"end":{"line":29,"column":84}}},"fnMap":{"0":{"name":"_interopRequireWildcard","decl":{"start":{"line":9,"column":353},"end":{"line":9,"column":376}},"loc":{"start":{"line":9,"column":382},"end":{"line":9,"column":600}},"line":9},"1":{"name":"_interopRequireDefault","decl":{"start":{"line":9,"column":609},"end":{"line":9,"column":631}},"loc":{"start":{"line":9,"column":637},"end":{"line":9,"column":693}},"line":9},"2":{"name":"configure","decl":{"start":{"line":10,"column":68},"end":{"line":10,"column":77}},"loc":{"start":{"line":10,"column":87},"end":{"line":30,"column":1}},"line":10},"3":{"name":"(anonymous_3)","decl":{"start":{"line":29,"column":23},"end":{"line":29,"column":24}},"loc":{"start":{"line":29,"column":29},"end":{"line":29,"column":84}},"line":29}},"branchMap":{"0":{"loc":{"start":{"line":9,"column":383},"end":{"line":9,"column":599}},"type":"if","locations":[{"start":{"line":9,"column":383},"end":{"line":9,"column":599}},{"start":{"line":9,"column":383},"end":{"line":9,"column":599}}],"line":9},"1":{"loc":{"start":{"line":9,"column":387},"end":{"line":9,"column":408}},"type":"binary-expr","locations":[{"start":{"line":9,"column":387},"end":{"line":9,"column":390}},{"start":{"line":9,"column":394},"end":{"line":9,"column":408}}],"line":9},"2":{"loc":{"start":{"line":9,"column":446},"end":{"line":9,"column":563}},"type":"if","locations":[{"start":{"line":9,"column":446},"end":{"line":9,"column":563}},{"start":{"line":9,"column":446},"end":{"line":9,"column":563}}],"line":9},"3":{"loc":{"start":{"line":9,"column":486},"end":{"line":9,"column":561}},"type":"if","locations":[{"start":{"line":9,"column":486},"end":{"line":9,"column":561}},{"start":{"line":9,"column":486},"end":{"line":9,"column":561}}],"line":9},"4":{"loc":{"start":{"line":9,"column":645},"end":{"line":9,"column":691}},"type":"cond-expr","locations":[{"start":{"line":9,"column":669},"end":{"line":9,"column":672}},{"start":{"line":9,"column":675},"end":{"line":9,"column":691}}],"line":9},"5":{"loc":{"start":{"line":9,"column":645},"end":{"line":9,"column":666}},"type":"binary-expr","locations":[{"start":{"line":9,"column":645},"end":{"line":9,"column":648}},{"start":{"line":9,"column":652},"end":{"line":9,"column":666}}],"line":9},"6":{"loc":{"start":{"line":21,"column":2},"end":{"line":23,"column":3}},"type":"if","locations":[{"start":{"line":21,"column":2},"end":{"line":23,"column":3}},{"start":{"line":21,"column":2},"end":{"line":23,"column":3}}],"line":21},"7":{"loc":{"start":{"line":25,"column":2},"end":{"line":27,"column":3}},"type":"if","locations":[{"start":{"line":25,"column":2},"end":{"line":27,"column":3}},{"start":{"line":25,"column":2},"end":{"line":27,"column":3}}],"line":25}},"s":{"0":0,"1":0,"2":0,"3":0,"4":0,"5":0,"6":0,"7":0,"8":0,"9":0,"10":0,"11":0,"12":0,"13":0,"14":0,"15":0,"16":0,"17":0,"18":0,"19":0,"20":0,"21":0,"22":0,"23":0,"24":0,"25":0,"26":0},"f":{"0":0,"1":0,"2":0,"3":0},"b":{"0":[0,0],"1":[0,0],"2":[0,0],"3":[0,0],"4":[0,0],"5":[0,0],"6":[0,0],"7":[0,0]}}
,"C:\\Users\\jholl\\Documents\\VSCode\\au-slot-20180210\\au-webpack-babel-jest\\src\\resources\\index.js": {"path":"C:\\Users\\jholl\\Documents\\VSCode\\au-slot-20180210\\au-webpack-babel-jest\\src\\resources\\index.js","statementMap":{"0":{"start":{"line":1,"column":13},"end":{"line":1,"column":39}},"1":{"start":{"line":1,"column":39},"end":{"line":1,"column":69}}},"fnMap":{"0":{"name":"configure","decl":{"start":{"line":1,"column":78},"end":{"line":1,"column":87}},"loc":{"start":{"line":1,"column":96},"end":{"line":3,"column":1}},"line":1}},"branchMap":{},"s":{"0":0,"1":0},"f":{"0":0},"b":{}}
}
