TN:
SF:C:\Users\jholl\Documents\VSCode\au-slot-20180210\au-webpack-babel-jest\src\app.js
FN:2,(anonymous_0)
FNF:1
FNH:0
FNDA:0,(anonymous_0)
DA:1,0
DA:3,0
LF:2
LH:0
BRF:0
BRH:0
end_of_record
TN:
SF:C:\Users\jholl\Documents\VSCode\au-slot-20180210\au-webpack-babel-jest\src\environment.js
FNF:0
FNH:0
DA:1,0
LF:1
LH:0
BRF:0
BRH:0
end_of_record
TN:
SF:C:\Users\jholl\Documents\VSCode\au-slot-20180210\au-webpack-babel-jest\src\main.js
FN:9,_interopRequireWildcard
FN:9,_interopRequireDefault
FN:10,configure
FN:29,(anonymous_3)
FNF:4
FNH:0
FNDA:0,_interopRequireWildcard
FNDA:0,_interopRequireDefault
FNDA:0,configure
FNDA:0,(anonymous_3)
DA:1,0
DA:9,0
DA:10,0
DA:21,0
DA:22,0
DA:25,0
DA:26,0
DA:29,0
LF:8
LH:0
BRDA:9,0,0,0
BRDA:9,0,1,0
BRDA:9,1,0,0
BRDA:9,1,1,0
BRDA:9,2,0,0
BRDA:9,2,1,0
BRDA:9,3,0,0
BRDA:9,3,1,0
BRDA:9,4,0,0
BRDA:9,4,1,0
BRDA:9,5,0,0
BRDA:9,5,1,0
BRDA:21,6,0,0
BRDA:21,6,1,0
BRDA:25,7,0,0
BRDA:25,7,1,0
BRF:16
BRH:0
end_of_record
TN:
SF:C:\Users\jholl\Documents\VSCode\au-slot-20180210\au-webpack-babel-jest\src\resources\index.js
FN:1,configure
FNF:1
FNH:0
FNDA:0,configure
DA:1,0
LF:1
LH:0
BRF:0
BRH:0
end_of_record
